68
87998
175928
263858
351788
439718
527648
615578
703508
791438
879368
967298
1055228
1143158
1231088
1319018
1406948
1494878
1582808
1670738
1758668
1846598
1934528
2022458
2110388
2198318
2286248
2374178
2462108
2550038
2637968
2725898
2813828
2901758
2989688
3077618
3165548
3253478
3341408
3429338
3517268
3605198
3693128
3781058
3868988
3956918
4044848
4132778
4220708
4308638
4396568
4484498
4572428
4660358
4748288
4836218
4924148
5012078
5100008
5187938
5275868
5363798
5451728
5539658
5627588
5715518
5803448
5891378
5979308
6067238
6155168
6243098
6331028
6418958
6506888
6594818
6682748
6770678
6858608
6946538
7034468
7122398
7210328
7298258
7386188
7474118
7562048
7649978
7737908
7825838
7913768
8001698
8089628
8177558
8265488
8353418
8441348
8529278
8617208
8705138
8793068
8880998
8968928
9056858
9144788
9232718
9320648
9408578
9496508
9584438
9672368
9760298
9848228
9936158
10024088
10112018
10199948
10287878
10375808
10463738
10551668
10639598
10727528
10815458
10903388
10991318
11079248
11167178
11255108
11343038
11430968
11518898
11606828
11694758
11782688
11870618
11958548
12046478
12134408
12222338
12310268
12398198
12486128
12574058
12661988
12749918
12837848
12925778
13013708
13101638
13189568
13277498
13365428
13453358
13541288
13629218
13717148
13805078
13893008
13980938
14068868
14156798
14244728
14332658
14420588
14508518
14596448
14684378
14772308
14860238
14948168
15036098
15124028
15211958
15299888
15387818
15475748
15563678
15651608
15739538
15827468
15915398
16003328
16091258
16179188
16267118
16355048
16442978
16530908
16618838
16706768
16794698
16882628
16970558
17058488
17146418
17234348
17322278
17410208
17498138
17586068
17673998
17761928
17849858
17937788
18025718
18113648
18201578
18289508
18377438
18465368
18553298
18641228
18729158
18817088
18905018
18992948
19080878
19168808
19256738
19344668
19432598
19520528
19608458
19696388
19784318
19872248
19960178
20048108
20136038
20223968
20311898
20399828
20487758
20575688
20663618
20751548
20839478
20927408
21015338
21103268
21191198
21279128
21367058
21454988
21542918
21630848
21718778
21806708
21894638
21982568
22070498
22158428
22246358
22334288
22422218
22510148
22598078
22686008
22773938
22861868
22949798
23037728
23125658
23213588
23301518
23389448
23477378
23565308
23653238
23741168
23829098
23917028
24004958
24092888
24180818
24268748
24356678
24444608
24532538
24620468
24708398
24796328
24884258
24972188
25060118
25148048
25235978
25323908
25411838
25499768
25587698
25675628
25763558
25851488
25939418
26027348
26115278
26203208
26291138
26379068
26466998
26554928
26642858
26730788
26818718
26906648
26994578
27082508
27170438
27258368
27346298
27434228
27522158
27610088
27698018
27785948
27873878
27961808
28049738
28137668
28225598
28313528
28401458
28489388
28577318
28665248
28753178
28841108
28929038
29016968
29104898
29192828
29280758
29368688
29456618
29544548
29632478
29720408
29808338
29896268
29984198
30072128
30160058
30247988
30335918
30423848
30511778
30599708
30687638
30775568
30863498
30951428
31039358
31127288
31215218
31303148
31391078
31479008
31566938
31654868
31742798
31830728
31918658
32006588
32094518
32182448
32270378
32358308
32446238
32534168
32622098
32710028
32797958
32885888
32973818
33061748
33149678
33237608
33325538
33413468
33501398
33589328
33677258
33765188
33853118
33941048
34028978
34116908
34204838
34292768
34380698
34468628
34556558
34644488
34732418
34820348
34908278
34996208
35084138
35172068
35259998
35347928
35435858
35523788
35611718
35699648
35787578
35875508
35963438
36051368
36139298
36227228
36315158
36403088
36491018
36578948
36666878
36754808
36842738
36930668
37018598
37106528
37194458
37282388
37370318
37458248
37546178
37634108
37722038
37809968
37897898
37985828
38073758
38161688
38249618
38337548
38425478
38513408
38601338
38689268
38777198
38865128
38953058
39040988
39128918
39216848
39304778
39392708
39480638
39568568
39656498
39744428
39832358
39920288
40008218
40096148
40184078
40272008
40359938
40447868
40535798
40623728
40711658
40799588
40887518
40975448
41063378
41151308
41239238
41327168
41415098
41503028
41590958
41678888
41766818
41854748
41942678
42030608
42118538
42206468
42294398
42382328
42470258
42558188
42646118
42734048
42821978
42909908
42997838
43085768
43173698
43261628
43349558
43437488
43525418
43613348
43701278
43789208
43877138
43965068
44052998
44140928
44228858
44316788
44404718
44492648
44580578
44668508
44756438
44844368
44932298
45020228
45108158
45196088
45284018
45371948
45459878
45547808
45635738
45723668
45811598
45899528
45987458
46075388
46163318
46251248
46339178
46427108
46515038
46602968
46690898
46778828
46866758
46954688
47042618
47130548
47218478
47306408
47394338
47482268
47570198
47658128
47746058
47833988
47921918
48009848
48097778
48185708
48273638
48361568
48449498
48537428
48625358
48713288
48801218
48889148
48977078
49065008
49152938
49240868
49328798
49416728
49504658
49592588
49680518
49768448
49856378
49944308
50032238
50120168
50208098
50296028
50383958
50471888
50559818
50647748
50735678
50823608
50911538
50999468
51087398
51175328
51263258
51351188
51439118
51527048
51614978
51702908
51790838
51878768
51966698
52054628
52142558
52230488
52318418
52406348
52494278
52582208
52670138
52758068
52845998
52933928
53021858
53109788
53197718
53285648
53373578
53461508
53549438
53637368
53725298
53813228
53901158
53989088
54077018
54164948
54252878
54340808
54428738
54516668
54604598
54692528
54780458
54868388
54956318
55044248
55132178
55220108
55308038
55395968
55483898
55571828
55659758
55747688
55835618
55923548
56011478
56099408
56187338
56275268
56363198
56451128
56539058
56626988
56714918
56802848
56890778
56978708
57066638
57154568
57242498
57330428
57418358
57506288
57594218
57682148
57770078
57858008
57945938
58033868
58121798
58209728
58297658
58385588
58473518
58561448
58649378
58737308
58825238
58913168
59001098
59089028
59176958
59264888
59352818
59440748
59528678
59616608
59704538
59792468
59880398
59968328
60056258
60144188
60232118
60320048
60407978
60495908
60583838
60671768
60759698
60847628
60935558
61023488
61111418
61199348
61287278
61375208
61463138
61551068
61638998
61726928
61814858
61902788
61990718
62078648
62166578
62254508
62342438
62430368
62518298
62606228
62694158
62782088
62870018
62957948
63045878
63133808
63221738
63309668
63397598
63485528
63573458
63661388
63749318
63837248
63925178
64013108
64101038
64188968
64276898
64364828
64452758
64540688
64628618
64716548
64804478
64892408
64980338
65068268
65156198
65244128
65332058
65419988
65507918
65595848
65683778
65771708
65859638
65947568
66035498
66123428
66211358
66299288
66387218
66475148
66563078
66651008
66738938
66826868
66914798
67002728
67090658
67178588
67266518
67354448
67442378
67530308
67618238
67706168
67794098
67882028
67969958
68057888
68145818
68233748
68321678
68409608
68497538
68585468
68673398
68761328
68849258
68937188
69025118
69113048
69200978
69288908
69376838
69464768
69552698
69640628
69728558
69816488
69904418
69992348
70080278
70168208
70256138
70344068
70431998
70519928
70607858
70695788
70783718
70871648
70959578
71047508
71135438
